<?xml version="1.0" encoding="UTF-8"?>
<!-- Generated by org.testng.reporters.JUnitReportReporter -->
<testsuite skipped="0" hostname="DESKTOP-68H7SGN" name="com.flipkart.LoginPage" tests="1" failures="0" timestamp="17 Sep 2018 08:36:42 GMT" time="0.007" errors="1">
  <testcase name="customerLogin" time="0.007" classname="com.flipkart.LoginPage">
    <error type="java.lang.StackOverflowError">
      <![CDATA[java.lang.StackOverflowError
at com.flipkart.LoginPage.customerLogin(LoginPage.java:29)
at com.flipkart.LoginPage.customerLogin(LoginPage.java:29)
at com.flipkart.LoginPage.customerLogin(LoginPage.java:29)
at com.flipkart.LoginPage.customerLogin(LoginPage.java:29)
at com.flipkart.LoginPage.customerLogin(LoginPage.java:29)
at com.flipkart.LoginPage.customerLogin(LoginPage.java:29)
at com.flipkart.LoginPage.customerLogin(LoginPage.java:29)
at com.flipkart.LoginPage.customerLogin(LoginPage.java:29)
at com.flipkart.LoginPage.customerLogin(LoginPage.java:29)
at com.flipkart.LoginPage.customerLogin(LoginPage.java:29)
at com.flipkart.LoginPage.customerLogin(LoginPage.java:29)
at com.flipkart.LoginPage.customerLogin(LoginPage.java:29)
at com.flipkart.LoginPage.customerLogin(LoginPage.java:29)
at com.flipkart.LoginPage.customerLogin(LoginPage.java:29)
at com.flipkart.LoginPage.customerLogin(LoginPage.java:29)
at com.flipkart.LoginPage.customerLogin(LoginPage.java:29)
at com.flipkart.LoginPage.customerLogin(LoginPage.java:29)
at com.flipkart.LoginPage.customerLogin(LoginPage.java:29)
at com.flipkart.LoginPage.customerLogin(LoginPage.java:29)
at com.flipkart.LoginPage.customerLogin(LoginPage.java:29)
at com.flipkart.LoginPage.customerLogin(LoginPage.java:29)
at com.flipkart.LoginPage.customerLogin(LoginPage.java:29)
at com.flipkart.LoginPage.customerLogin(LoginPage.java:29)
at com.flipkart.LoginPage.customerLogin(LoginPage.java:29)
at com.flipkart.LoginPage.customerLogin(LoginPage.java:29)
at com.flipkart.LoginPage.customerLogin(LoginPage.java:29)
at com.flipkart.LoginPage.customerLogin(LoginPage.java:29)
at com.flipkart.LoginPage.customerLogin(LoginPage.java:29)
at com.flipkart.LoginPage.customerLogin(LoginPage.java:29)
at com.flipkart.LoginPage.customerLogin(LoginPage.java:29)
at com.flipkart.LoginPage.customerLogin(LoginPage.java:29)
at com.flipkart.LoginPage.customerLogin(LoginPage.java:29)
at com.flipkart.LoginPage.customerLogin(LoginPage.java:29)
at com.flipkart.LoginPage.customerLogin(LoginPage.java:29)
at com.flipkart.LoginPage.customerLogin(LoginPage.java:29)
at com.flipkart.LoginPage.customerLogin(LoginPage.java:29)
at com.flipkart.LoginPage.customerLogin(LoginPage.java:29)
at com.flipkart.LoginPage.customerLogin(LoginPage.java:29)
at com.flipkart.LoginPage.customerLogin(LoginPage.java:29)
at com.flipkart.LoginPage.customerLogin(LoginPage.java:29)
at com.flipkart.LoginPage.customerLogin(LoginPage.java:29)
at com.flipkart.LoginPage.customerLogin(LoginPage.java:29)
at com.flipkart.LoginPage.customerLogin(LoginPage.java:29)
at com.flipkart.LoginPage.customerLogin(LoginPage.java:29)
at com.flipkart.LoginPage.customerLogin(LoginPage.java:29)
at com.flipkart.LoginPage.customerLogin(LoginPage.java:29)
at com.flipkart.LoginPage.customerLogin(LoginPage.java:29)
at com.flipkart.LoginPage.customerLogin(LoginPage.java:29)
at com.flipkart.LoginPage.customerLogin(LoginPage.java:29)
at com.flipkart.LoginPage.customerLogin(LoginPage.java:29)
at com.flipkart.LoginPage.customerLogin(LoginPage.java:29)
at com.flipkart.LoginPage.customerLogin(LoginPage.java:29)
at com.flipkart.LoginPage.customerLogin(LoginPage.java:29)
at com.flipkart.LoginPage.customerLogin(LoginPage.java:29)
at com.flipkart.LoginPage.customerLogin(LoginPage.java:29)
at com.flipkart.LoginPage.customerLogin(LoginPage.java:29)
at com.flipkart.LoginPage.customerLogin(LoginPage.java:29)
at com.flipkart.LoginPage.customerLogin(LoginPage.java:29)
at com.flipkart.LoginPage.customerLogin(LoginPage.java:29)
at com.flipkart.LoginPage.customerLogin(LoginPage.java:29)
at com.flipkart.LoginPage.customerLogin(LoginPage.java:29)
at com.flipkart.LoginPage.customerLogin(LoginPage.java:29)
at com.flipkart.LoginPage.customerLogin(LoginPage.java:29)
at com.flipkart.LoginPage.customerLogin(LoginPage.java:29)
at com.flipkart.LoginPage.customerLogin(LoginPage.java:29)
at com.flipkart.LoginPage.customerLogin(LoginPage.java:29)
at com.flipkart.LoginPage.customerLogin(LoginPage.java:29)
at com.flipkart.LoginPage.customerLogin(LoginPage.java:29)
at com.flipkart.LoginPage.customerLogin(LoginPage.java:29)
at com.flipkart.LoginPage.customerLogin(LoginPage.java:29)
at com.flipkart.LoginPage.customerLogin(LoginPage.java:29)
at com.flipkart.LoginPage.customerLogin(LoginPage.java:29)
at com.flipkart.LoginPage.customerLogin(LoginPage.java:29)
at com.flipkart.LoginPage.customerLogin(LoginPage.java:29)
at com.flipkart.LoginPage.customerLogin(LoginPage.java:29)
at com.flipkart.LoginPage.customerLogin(LoginPage.java:29)
at com.flipkart.LoginPage.customerLogin(LoginPage.java:29)
at com.flipkart.LoginPage.customerLogin(LoginPage.java:29)
at com.flipkart.LoginPage.customerLogin(LoginPage.java:29)
at com.flipkart.LoginPage.customerLogin(LoginPage.java:29)
at com.flipkart.LoginPage.customerLogin(LoginPage.java:29)
at com.flipkart.LoginPage.customerLogin(LoginPage.java:29)
at com.flipkart.LoginPage.customerLogin(LoginPage.java:29)
at com.flipkart.LoginPage.customerLogin(LoginPage.java:29)
at com.flipkart.LoginPage.customerLogin(LoginPage.java:29)
at com.flipkart.LoginPage.customerLogin(LoginPage.java:29)
at com.flipkart.LoginPage.customerLogin(LoginPage.java:29)
at com.flipkart.LoginPage.customerLogin(LoginPage.java:29)
at com.flipkart.LoginPage.customerLogin(LoginPage.java:29)
at com.flipkart.LoginPage.customerLogin(LoginPage.java:29)
at com.flipkart.LoginPage.customerLogin(LoginPage.java:29)
at com.flipkart.LoginPage.customerLogin(LoginPage.java:29)
at com.flipkart.LoginPage.customerLogin(LoginPage.java:29)
at com.flipkart.LoginPage.customerLogin(LoginPage.java:29)
at com.flipkart.LoginPage.customerLogin(LoginPage.java:29)
at com.flipkart.LoginPage.customerLogin(LoginPage.java:29)
at com.flipkart.LoginPage.customerLogin(LoginPage.java:29)
at com.flipkart.LoginPage.customerLogin(LoginPage.java:29)
at com.flipkart.LoginPage.customerLogin(LoginPage.java:29)
at com.flipkart.LoginPage.customerLogin(LoginPage.java:29)
at com.flipkart.LoginPage.customerLogin(LoginPage.java:29)
at com.flipkart.LoginPage.customerLogin(LoginPage.java:29)
at com.flipkart.LoginPage.customerLogin(LoginPage.java:29)
at com.flipkart.LoginPage.customerLogin(LoginPage.java:29)
at com.flipkart.LoginPage.customerLogin(LoginPage.java:29)
at com.flipkart.LoginPage.customerLogin(LoginPage.java:29)
at com.flipkart.LoginPage.customerLogin(LoginPage.java:29)
at com.flipkart.LoginPage.customerLogin(LoginPage.java:29)
at com.flipkart.LoginPage.customerLogin(LoginPage.java:29)
at com.flipkart.LoginPage.customerLogin(LoginPage.java:29)
at com.flipkart.LoginPage.customerLogin(LoginPage.java:29)
at com.flipkart.LoginPage.customerLogin(LoginPage.java:29)
at com.flipkart.LoginPage.customerLogin(LoginPage.java:29)
at com.flipkart.LoginPage.customerLogin(LoginPage.java:29)
at com.flipkart.LoginPage.customerLogin(LoginPage.java:29)
at com.flipkart.LoginPage.customerLogin(LoginPage.java:29)
at com.flipkart.LoginPage.customerLogin(LoginPage.java:29)
at com.flipkart.LoginPage.customerLogin(LoginPage.java:29)
at com.flipkart.LoginPage.customerLogin(LoginPage.java:29)
at com.flipkart.LoginPage.customerLogin(LoginPage.java:29)
at com.flipkart.LoginPage.customerLogin(LoginPage.java:29)
at com.flipkart.LoginPage.customerLogin(LoginPage.java:29)
at com.flipkart.LoginPage.customerLogin(LoginPage.java:29)
at com.flipkart.LoginPage.customerLogin(LoginPage.java:29)
at com.flipkart.LoginPage.customerLogin(LoginPage.java:29)
at com.flipkart.LoginPage.customerLogin(LoginPage.java:29)
at com.flipkart.LoginPage.customerLogin(LoginPage.java:29)
at com.flipkart.LoginPage.customerLogin(LoginPage.java:29)
at com.flipkart.LoginPage.customerLogin(LoginPage.java:29)
at com.flipkart.LoginPage.customerLogin(LoginPage.java:29)
at com.flipkart.LoginPage.customerLogin(LoginPage.java:29)
at com.flipkart.LoginPage.customerLogin(LoginPage.java:29)
at com.flipkart.LoginPage.customerLogin(LoginPage.java:29)
at com.flipkart.LoginPage.customerLogin(LoginPage.java:29)
at com.flipkart.LoginPage.customerLogin(LoginPage.java:29)
at com.flipkart.LoginPage.customerLogin(LoginPage.java:29)
at com.flipkart.LoginPage.customerLogin(LoginPage.java:29)
at com.flipkart.LoginPage.customerLogin(LoginPage.java:29)
at com.flipkart.LoginPage.customerLogin(LoginPage.java:29)
at com.flipkart.LoginPage.customerLogin(LoginPage.java:29)
at com.flipkart.LoginPage.customerLogin(LoginPage.java:29)
at com.flipkart.LoginPage.customerLogin(LoginPage.java:29)
at com.flipkart.LoginPage.customerLogin(LoginPage.java:29)
at com.flipkart.LoginPage.customerLogin(LoginPage.java:29)
at com.flipkart.LoginPage.customerLogin(LoginPage.java:29)
at com.flipkart.LoginPage.customerLogin(LoginPage.java:29)
at com.flipkart.LoginPage.customerLogin(LoginPage.java:29)
at com.flipkart.LoginPage.customerLogin(LoginPage.java:29)
at com.flipkart.LoginPage.customerLogin(LoginPage.java:29)
at com.flipkart.LoginPage.customerLogin(LoginPage.java:29)
at com.flipkart.LoginPage.customerLogin(LoginPage.java:29)
at com.flipkart.LoginPage.customerLogin(LoginPage.java:29)
at com.flipkart.LoginPage.customerLogin(LoginPage.java:29)
at com.flipkart.LoginPage.customerLogin(LoginPage.java:29)
at com.flipkart.LoginPage.customerLogin(LoginPage.java:29)
at com.flipkart.LoginPage.customerLogin(LoginPage.java:29)
at com.flipkart.LoginPage.customerLogin(LoginPage.java:29)
at com.flipkart.LoginPage.customerLogin(LoginPage.java:29)
at com.flipkart.LoginPage.customerLogin(LoginPage.java:29)
at com.flipkart.LoginPage.customerLogin(LoginPage.java:29)
at com.flipkart.LoginPage.customerLogin(LoginPage.java:29)
at com.flipkart.LoginPage.customerLogin(LoginPage.java:29)
at com.flipkart.LoginPage.customerLogin(LoginPage.java:29)
at com.flipkart.LoginPage.customerLogin(LoginPage.java:29)
at com.flipkart.LoginPage.customerLogin(LoginPage.java:29)
at com.flipkart.LoginPage.customerLogin(LoginPage.java:29)
at com.flipkart.LoginPage.customerLogin(LoginPage.java:29)
at com.flipkart.LoginPage.customerLogin(LoginPage.java:29)
at com.flipkart.LoginPage.customerLogin(LoginPage.java:29)
at com.flipkart.LoginPage.customerLogin(LoginPage.java:29)
at com.flipkart.LoginPage.customerLogin(LoginPage.java:29)
at com.flipkart.LoginPage.customerLogin(LoginPage.java:29)
at com.flipkart.LoginPage.customerLogin(LoginPage.java:29)
at com.flipkart.LoginPage.customerLogin(LoginPage.java:29)
at com.flipkart.LoginPage.customerLogin(LoginPage.java:29)
at com.flipkart.LoginPage.customerLogin(LoginPage.java:29)
at com.flipkart.LoginPage.customerLogin(LoginPage.java:29)
at com.flipkart.LoginPage.customerLogin(LoginPage.java:29)
at com.flipkart.LoginPage.customerLogin(LoginPage.java:29)
at com.flipkart.LoginPage.customerLogin(LoginPage.java:29)
at com.flipkart.LoginPage.customerLogin(LoginPage.java:29)
at com.flipkart.LoginPage.customerLogin(LoginPage.java:29)
at com.flipkart.LoginPage.customerLogin(LoginPage.java:29)
at com.flipkart.LoginPage.customerLogin(LoginPage.java:29)
at com.flipkart.LoginPage.customerLogin(LoginPage.java:29)
at com.flipkart.LoginPage.customerLogin(LoginPage.java:29)
at com.flipkart.LoginPage.customerLogin(LoginPage.java:29)
at com.flipkart.LoginPage.customerLogin(LoginPage.java:29)
at com.flipkart.LoginPage.customerLogin(LoginPage.java:29)
at com.flipkart.LoginPage.customerLogin(LoginPage.java:29)
at com.flipkart.LoginPage.customerLogin(LoginPage.java:29)
at com.flipkart.LoginPage.customerLogin(LoginPage.java:29)
at com.flipkart.LoginPage.customerLogin(LoginPage.java:29)
at com.flipkart.LoginPage.customerLogin(LoginPage.java:29)
at com.flipkart.LoginPage.customerLogin(LoginPage.java:29)
at com.flipkart.LoginPage.customerLogin(LoginPage.java:29)
at com.flipkart.LoginPage.customerLogin(LoginPage.java:29)
at com.flipkart.LoginPage.customerLogin(LoginPage.java:29)
at com.flipkart.LoginPage.customerLogin(LoginPage.java:29)
at com.flipkart.LoginPage.customerLogin(LoginPage.java:29)
at com.flipkart.LoginPage.customerLogin(LoginPage.java:29)
at com.flipkart.LoginPage.customerLogin(LoginPage.java:29)
at com.flipkart.LoginPage.customerLogin(LoginPage.java:29)
at com.flipkart.LoginPage.customerLogin(LoginPage.java:29)
at com.flipkart.LoginPage.customerLogin(LoginPage.java:29)
at com.flipkart.LoginPage.customerLogin(LoginPage.java:29)
at com.flipkart.LoginPage.customerLogin(LoginPage.java:29)
at com.flipkart.LoginPage.customerLogin(LoginPage.java:29)
at com.flipkart.LoginPage.customerLogin(LoginPage.java:29)
at com.flipkart.LoginPage.customerLogin(LoginPage.java:29)
at com.flipkart.LoginPage.customerLogin(LoginPage.java:29)
at com.flipkart.LoginPage.customerLogin(LoginPage.java:29)
at com.flipkart.LoginPage.customerLogin(LoginPage.java:29)
at com.flipkart.LoginPage.customerLogin(LoginPage.java:29)
at com.flipkart.LoginPage.customerLogin(LoginPage.java:29)
at com.flipkart.LoginPage.customerLogin(LoginPage.java:29)
at com.flipkart.LoginPage.customerLogin(LoginPage.java:29)
at com.flipkart.LoginPage.customerLogin(LoginPage.java:29)
at com.flipkart.LoginPage.customerLogin(LoginPage.java:29)
at com.flipkart.LoginPage.customerLogin(LoginPage.java:29)
at com.flipkart.LoginPage.customerLogin(LoginPage.java:29)
at com.flipkart.LoginPage.customerLogin(LoginPage.java:29)
at com.flipkart.LoginPage.customerLogin(LoginPage.java:29)
at com.flipkart.LoginPage.customerLogin(LoginPage.java:29)
at com.flipkart.LoginPage.customerLogin(LoginPage.java:29)
at com.flipkart.LoginPage.customerLogin(LoginPage.java:29)
at com.flipkart.LoginPage.customerLogin(LoginPage.java:29)
at com.flipkart.LoginPage.customerLogin(LoginPage.java:29)
at com.flipkart.LoginPage.customerLogin(LoginPage.java:29)
at com.flipkart.LoginPage.customerLogin(LoginPage.java:29)
at com.flipkart.LoginPage.customerLogin(LoginPage.java:29)
at com.flipkart.LoginPage.customerLogin(LoginPage.java:29)
at com.flipkart.LoginPage.customerLogin(LoginPage.java:29)
at com.flipkart.LoginPage.customerLogin(LoginPage.java:29)
at com.flipkart.LoginPage.customerLogin(LoginPage.java:29)
at com.flipkart.LoginPage.customerLogin(LoginPage.java:29)
at com.flipkart.LoginPage.customerLogin(LoginPage.java:29)
at com.flipkart.LoginPage.customerLogin(LoginPage.java:29)
at com.flipkart.LoginPage.customerLogin(LoginPage.java:29)
at com.flipkart.LoginPage.customerLogin(LoginPage.java:29)
at com.flipkart.LoginPage.customerLogin(LoginPage.java:29)
at com.flipkart.LoginPage.customerLogin(LoginPage.java:29)
at com.flipkart.LoginPage.customerLogin(LoginPage.java:29)
at com.flipkart.LoginPage.customerLogin(LoginPage.java:29)
at com.flipkart.LoginPage.customerLogin(LoginPage.java:29)
at com.flipkart.LoginPage.customerLogin(LoginPage.java:29)
at com.flipkart.LoginPage.customerLogin(LoginPage.java:29)
at com.flipkart.LoginPage.customerLogin(LoginPage.java:29)
at com.flipkart.LoginPage.customerLogin(LoginPage.java:29)
at com.flipkart.LoginPage.customerLogin(LoginPage.java:29)
at com.flipkart.LoginPage.customerLogin(LoginPage.java:29)
at com.flipkart.LoginPage.customerLogin(LoginPage.java:29)
at com.flipkart.LoginPage.customerLogin(LoginPage.java:29)
at com.flipkart.LoginPage.customerLogin(LoginPage.java:29)
at com.flipkart.LoginPage.customerLogin(LoginPage.java:29)
at com.flipkart.LoginPage.customerLogin(LoginPage.java:29)
at com.flipkart.LoginPage.customerLogin(LoginPage.java:29)
at com.flipkart.LoginPage.customerLogin(LoginPage.java:29)
at com.flipkart.LoginPage.customerLogin(LoginPage.java:29)
at com.flipkart.LoginPage.customerLogin(LoginPage.java:29)
at com.flipkart.LoginPage.customerLogin(LoginPage.java:29)
at com.flipkart.LoginPage.customerLogin(LoginPage.java:29)
at com.flipkart.LoginPage.customerLogin(LoginPage.java:29)
at com.flipkart.LoginPage.customerLogin(LoginPage.java:29)
at com.flipkart.LoginPage.customerLogin(LoginPage.java:29)
at com.flipkart.LoginPage.customerLogin(LoginPage.java:29)
at com.flipkart.LoginPage.customerLogin(LoginPage.java:29)
at com.flipkart.LoginPage.customerLogin(LoginPage.java:29)
at com.flipkart.LoginPage.customerLogin(LoginPage.java:29)
at com.flipkart.LoginPage.customerLogin(LoginPage.java:29)
at com.flipkart.LoginPage.customerLogin(LoginPage.java:29)
at com.flipkart.LoginPage.customerLogin(LoginPage.java:29)
at com.flipkart.LoginPage.customerLogin(LoginPage.java:29)
at com.flipkart.LoginPage.customerLogin(LoginPage.java:29)
at com.flipkart.LoginPage.customerLogin(LoginPage.java:29)
at com.flipkart.LoginPage.customerLogin(LoginPage.java:29)
at com.flipkart.LoginPage.customerLogin(LoginPage.java:29)
at com.flipkart.LoginPage.customerLogin(LoginPage.java:29)
at com.flipkart.LoginPage.customerLogin(LoginPage.java:29)
at com.flipkart.LoginPage.customerLogin(LoginPage.java:29)
at com.flipkart.LoginPage.customerLogin(LoginPage.java:29)
at com.flipkart.LoginPage.customerLogin(LoginPage.java:29)
at com.flipkart.LoginPage.customerLogin(LoginPage.java:29)
at com.flipkart.LoginPage.customerLogin(LoginPage.java:29)
at com.flipkart.LoginPage.customerLogin(LoginPage.java:29)
at com.flipkart.LoginPage.customerLogin(LoginPage.java:29)
at com.flipkart.LoginPage.customerLogin(LoginPage.java:29)
at com.flipkart.LoginPage.customerLogin(LoginPage.java:29)
at com.flipkart.LoginPage.customerLogin(LoginPage.java:29)
at com.flipkart.LoginPage.customerLogin(LoginPage.java:29)
at com.flipkart.LoginPage.customerLogin(LoginPage.java:29)
at com.flipkart.LoginPage.customerLogin(LoginPage.java:29)
at com.flipkart.LoginPage.customerLogin(LoginPage.java:29)
at com.flipkart.LoginPage.customerLogin(LoginPage.java:29)
at com.flipkart.LoginPage.customerLogin(LoginPage.java:29)
at com.flipkart.LoginPage.customerLogin(LoginPage.java:29)
at com.flipkart.LoginPage.customerLogin(LoginPage.java:29)
at com.flipkart.LoginPage.customerLogin(LoginPage.java:29)
at com.flipkart.LoginPage.customerLogin(LoginPage.java:29)
at com.flipkart.LoginPage.customerLogin(LoginPage.java:29)
at com.flipkart.LoginPage.customerLogin(LoginPage.java:29)
at com.flipkart.LoginPage.customerLogin(LoginPage.java:29)
at com.flipkart.LoginPage.customerLogin(LoginPage.java:29)
at com.flipkart.LoginPage.customerLogin(LoginPage.java:29)
at com.flipkart.LoginPage.customerLogin(LoginPage.java:29)
at com.flipkart.LoginPage.customerLogin(LoginPage.java:29)
at com.flipkart.LoginPage.customerLogin(LoginPage.java:29)
at com.flipkart.LoginPage.customerLogin(LoginPage.java:29)
at com.flipkart.LoginPage.customerLogin(LoginPage.java:29)
at com.flipkart.LoginPage.customerLogin(LoginPage.java:29)
at com.flipkart.LoginPage.customerLogin(LoginPage.java:29)
at com.flipkart.LoginPage.customerLogin(LoginPage.java:29)
at com.flipkart.LoginPage.customerLogin(LoginPage.java:29)
at com.flipkart.LoginPage.customerLogin(LoginPage.java:29)
at com.flipkart.LoginPage.customerLogin(LoginPage.java:29)
at com.flipkart.LoginPage.customerLogin(LoginPage.java:29)
at com.flipkart.LoginPage.customerLogin(LoginPage.java:29)
at com.flipkart.LoginPage.customerLogin(LoginPage.java:29)
at com.flipkart.LoginPage.customerLogin(LoginPage.java:29)
at com.flipkart.LoginPage.customerLogin(LoginPage.java:29)
at com.flipkart.LoginPage.customerLogin(LoginPage.java:29)
at com.flipkart.LoginPage.customerLogin(LoginPage.java:29)
at com.flipkart.LoginPage.customerLogin(LoginPage.java:29)
at com.flipkart.LoginPage.customerLogin(LoginPage.java:29)
at com.flipkart.LoginPage.customerLogin(LoginPage.java:29)
at com.flipkart.LoginPage.customerLogin(LoginPage.java:29)
at com.flipkart.LoginPage.customerLogin(LoginPage.java:29)
at com.flipkart.LoginPage.customerLogin(LoginPage.java:29)
at com.flipkart.LoginPage.customerLogin(LoginPage.java:29)
at com.flipkart.LoginPage.customerLogin(LoginPage.java:29)
at com.flipkart.LoginPage.customerLogin(LoginPage.java:29)
at com.flipkart.LoginPage.customerLogin(LoginPage.java:29)
at com.flipkart.LoginPage.customerLogin(LoginPage.java:29)
at com.flipkart.LoginPage.customerLogin(LoginPage.java:29)
at com.flipkart.LoginPage.customerLogin(LoginPage.java:29)
at com.flipkart.LoginPage.customerLogin(LoginPage.java:29)
at com.flipkart.LoginPage.customerLogin(LoginPage.java:29)
at com.flipkart.LoginPage.customerLogin(LoginPage.java:29)
at com.flipkart.LoginPage.customerLogin(LoginPage.java:29)
at com.flipkart.LoginPage.customerLogin(LoginPage.java:29)
at com.flipkart.LoginPage.customerLogin(LoginPage.java:29)
at com.flipkart.LoginPage.customerLogin(LoginPage.java:29)
at com.flipkart.LoginPage.customerLogin(LoginPage.java:29)
at com.flipkart.LoginPage.customerLogin(LoginPage.java:29)
at com.flipkart.LoginPage.customerLogin(LoginPage.java:29)
at com.flipkart.LoginPage.customerLogin(LoginPage.java:29)
at com.flipkart.LoginPage.customerLogin(LoginPage.java:29)
at com.flipkart.LoginPage.customerLogin(LoginPage.java:29)
at com.flipkart.LoginPage.customerLogin(LoginPage.java:29)
at com.flipkart.LoginPage.customerLogin(LoginPage.java:29)
at com.flipkart.LoginPage.customerLogin(LoginPage.java:29)
at com.flipkart.LoginPage.customerLogin(LoginPage.java:29)
at com.flipkart.LoginPage.customerLogin(LoginPage.java:29)
at com.flipkart.LoginPage.customerLogin(LoginPage.java:29)
at com.flipkart.LoginPage.customerLogin(LoginPage.java:29)
at com.flipkart.LoginPage.customerLogin(LoginPage.java:29)
at com.flipkart.LoginPage.customerLogin(LoginPage.java:29)
at com.flipkart.LoginPage.customerLogin(LoginPage.java:29)
at com.flipkart.LoginPage.customerLogin(LoginPage.java:29)
at com.flipkart.LoginPage.customerLogin(LoginPage.java:29)
at com.flipkart.LoginPage.customerLogin(LoginPage.java:29)
at com.flipkart.LoginPage.customerLogin(LoginPage.java:29)
at com.flipkart.LoginPage.customerLogin(LoginPage.java:29)
at com.flipkart.LoginPage.customerLogin(LoginPage.java:29)
at com.flipkart.LoginPage.customerLogin(LoginPage.java:29)
at com.flipkart.LoginPage.customerLogin(LoginPage.java:29)
at com.flipkart.LoginPage.customerLogin(LoginPage.java:29)
at com.flipkart.LoginPage.customerLogin(LoginPage.java:29)
at com.flipkart.LoginPage.customerLogin(LoginPage.java:29)
at com.flipkart.LoginPage.customerLogin(LoginPage.java:29)
at com.flipkart.LoginPage.customerLogin(LoginPage.java:29)
at com.flipkart.LoginPage.customerLogin(LoginPage.java:29)
at com.flipkart.LoginPage.customerLogin(LoginPage.java:29)
at com.flipkart.LoginPage.customerLogin(LoginPage.java:29)
at com.flipkart.LoginPage.customerLogin(LoginPage.java:29)
at com.flipkart.LoginPage.customerLogin(LoginPage.java:29)
at com.flipkart.LoginPage.customerLogin(LoginPage.java:29)
at com.flipkart.LoginPage.customerLogin(LoginPage.java:29)
at com.flipkart.LoginPage.customerLogin(LoginPage.java:29)
at com.flipkart.LoginPage.customerLogin(LoginPage.java:29)
at com.flipkart.LoginPage.customerLogin(LoginPage.java:29)
at com.flipkart.LoginPage.customerLogin(LoginPage.java:29)
at com.flipkart.LoginPage.customerLogin(LoginPage.java:29)
at com.flipkart.LoginPage.customerLogin(LoginPage.java:29)
at com.flipkart.LoginPage.customerLogin(LoginPage.java:29)
at com.flipkart.LoginPage.customerLogin(LoginPage.java:29)
at com.flipkart.LoginPage.customerLogin(LoginPage.java:29)
at com.flipkart.LoginPage.customerLogin(LoginPage.java:29)
at com.flipkart.LoginPage.customerLogin(LoginPage.java:29)
at com.flipkart.LoginPage.customerLogin(LoginPage.java:29)
at com.flipkart.LoginPage.customerLogin(LoginPage.java:29)
at com.flipkart.LoginPage.customerLogin(LoginPage.java:29)
at com.flipkart.LoginPage.customerLogin(LoginPage.java:29)
at com.flipkart.LoginPage.customerLogin(LoginPage.java:29)
at com.flipkart.LoginPage.customerLogin(LoginPage.java:29)
at com.flipkart.LoginPage.customerLogin(LoginPage.java:29)
at com.flipkart.LoginPage.customerLogin(LoginPage.java:29)
at com.flipkart.LoginPage.customerLogin(LoginPage.java:29)
at com.flipkart.LoginPage.customerLogin(LoginPage.java:29)
at com.flipkart.LoginPage.customerLogin(LoginPage.java:29)
at com.flipkart.LoginPage.customerLogin(LoginPage.java:29)
at com.flipkart.LoginPage.customerLogin(LoginPage.java:29)
at com.flipkart.LoginPage.customerLogin(LoginPage.java:29)
at com.flipkart.LoginPage.customerLogin(LoginPage.java:29)
at com.flipkart.LoginPage.customerLogin(LoginPage.java:29)
at com.flipkart.LoginPage.customerLogin(LoginPage.java:29)
at com.flipkart.LoginPage.customerLogin(LoginPage.java:29)
at com.flipkart.LoginPage.customerLogin(LoginPage.java:29)
at com.flipkart.LoginPage.customerLogin(LoginPage.java:29)
at com.flipkart.LoginPage.customerLogin(LoginPage.java:29)
at com.flipkart.LoginPage.customerLogin(LoginPage.java:29)
at com.flipkart.LoginPage.customerLogin(LoginPage.java:29)
at com.flipkart.LoginPage.customerLogin(LoginPage.java:29)
at com.flipkart.LoginPage.customerLogin(LoginPage.java:29)
at com.flipkart.LoginPage.customerLogin(LoginPage.java:29)
at com.flipkart.LoginPage.customerLogin(LoginPage.java:29)
at com.flipkart.LoginPage.customerLogin(LoginPage.java:29)
at com.flipkart.LoginPage.customerLogin(LoginPage.java:29)
at com.flipkart.LoginPage.customerLogin(LoginPage.java:29)
at com.flipkart.LoginPage.customerLogin(LoginPage.java:29)
at com.flipkart.LoginPage.customerLogin(LoginPage.java:29)
at com.flipkart.LoginPage.customerLogin(LoginPage.java:29)
at com.flipkart.LoginPage.customerLogin(LoginPage.java:29)
at com.flipkart.LoginPage.customerLogin(LoginPage.java:29)
at com.flipkart.LoginPage.customerLogin(LoginPage.java:29)
at com.flipkart.LoginPage.customerLogin(LoginPage.java:29)
at com.flipkart.LoginPage.customerLogin(LoginPage.java:29)
at com.flipkart.LoginPage.customerLogin(LoginPage.java:29)
at com.flipkart.LoginPage.customerLogin(LoginPage.java:29)
at com.flipkart.LoginPage.customerLogin(LoginPage.java:29)
at com.flipkart.LoginPage.customerLogin(LoginPage.java:29)
at com.flipkart.LoginPage.customerLogin(LoginPage.java:29)
at com.flipkart.LoginPage.customerLogin(LoginPage.java:29)
at com.flipkart.LoginPage.customerLogin(LoginPage.java:29)
at com.flipkart.LoginPage.customerLogin(LoginPage.java:29)
at com.flipkart.LoginPage.customerLogin(LoginPage.java:29)
at com.flipkart.LoginPage.customerLogin(LoginPage.java:29)
at com.flipkart.LoginPage.customerLogin(LoginPage.java:29)
at com.flipkart.LoginPage.customerLogin(LoginPage.java:29)
at com.flipkart.LoginPage.customerLogin(LoginPage.java:29)
at com.flipkart.LoginPage.customerLogin(LoginPage.java:29)
at com.flipkart.LoginPage.customerLogin(LoginPage.java:29)
at com.flipkart.LoginPage.customerLogin(LoginPage.java:29)
at com.flipkart.LoginPage.customerLogin(LoginPage.java:29)
at com.flipkart.LoginPage.customerLogin(LoginPage.java:29)
at com.flipkart.LoginPage.customerLogin(LoginPage.java:29)
at com.flipkart.LoginPage.customerLogin(LoginPage.java:29)
at com.flipkart.LoginPage.customerLogin(LoginPage.java:29)
at com.flipkart.LoginPage.customerLogin(LoginPage.java:29)
at com.flipkart.LoginPage.customerLogin(LoginPage.java:29)
at com.flipkart.LoginPage.customerLogin(LoginPage.java:29)
at com.flipkart.LoginPage.customerLogin(LoginPage.java:29)
at com.flipkart.LoginPage.customerLogin(LoginPage.java:29)
at com.flipkart.LoginPage.customerLogin(LoginPage.java:29)
at com.flipkart.LoginPage.customerLogin(LoginPage.java:29)
at com.flipkart.LoginPage.customerLogin(LoginPage.java:29)
at com.flipkart.LoginPage.customerLogin(LoginPage.java:29)
at com.flipkart.LoginPage.customerLogin(LoginPage.java:29)
at com.flipkart.LoginPage.customerLogin(LoginPage.java:29)
at com.flipkart.LoginPage.customerLogin(LoginPage.java:29)
at com.flipkart.LoginPage.customerLogin(LoginPage.java:29)
at com.flipkart.LoginPage.customerLogin(LoginPage.java:29)
at com.flipkart.LoginPage.customerLogin(LoginPage.java:29)
at com.flipkart.LoginPage.customerLogin(LoginPage.java:29)
at com.flipkart.LoginPage.customerLogin(LoginPage.java:29)
at com.flipkart.LoginPage.customerLogin(LoginPage.java:29)
at com.flipkart.LoginPage.customerLogin(LoginPage.java:29)
at com.flipkart.LoginPage.customerLogin(LoginPage.java:29)
at com.flipkart.LoginPage.customerLogin(LoginPage.java:29)
at com.flipkart.LoginPage.customerLogin(LoginPage.java:29)
at com.flipkart.LoginPage.customerLogin(LoginPage.java:29)
at com.flipkart.LoginPage.customerLogin(LoginPage.java:29)
at com.flipkart.LoginPage.customerLogin(LoginPage.java:29)
at com.flipkart.LoginPage.customerLogin(LoginPage.java:29)
at com.flipkart.LoginPage.customerLogin(LoginPage.java:29)
at com.flipkart.LoginPage.customerLogin(LoginPage.java:29)
at com.flipkart.LoginPage.customerLogin(LoginPage.java:29)
at com.flipkart.LoginPage.customerLogin(LoginPage.java:29)
at com.flipkart.LoginPage.customerLogin(LoginPage.java:29)
at com.flipkart.LoginPage.customerLogin(LoginPage.java:29)
at com.flipkart.LoginPage.customerLogin(LoginPage.java:29)
at com.flipkart.LoginPage.customerLogin(LoginPage.java:29)
at com.flipkart.LoginPage.customerLogin(LoginPage.java:29)
at com.flipkart.LoginPage.customerLogin(LoginPage.java:29)
at com.flipkart.LoginPage.customerLogin(LoginPage.java:29)
at com.flipkart.LoginPage.customerLogin(LoginPage.java:29)
at com.flipkart.LoginPage.customerLogin(LoginPage.java:29)
at com.flipkart.LoginPage.customerLogin(LoginPage.java:29)
at com.flipkart.LoginPage.customerLogin(LoginPage.java:29)
at com.flipkart.LoginPage.customerLogin(LoginPage.java:29)
at com.flipkart.LoginPage.customerLogin(LoginPage.java:29)
at com.flipkart.LoginPage.customerLogin(LoginPage.java:29)
at com.flipkart.LoginPage.customerLogin(LoginPage.java:29)
at com.flipkart.LoginPage.customerLogin(LoginPage.java:29)
at com.flipkart.LoginPage.customerLogin(LoginPage.java:29)
at com.flipkart.LoginPage.customerLogin(LoginPage.java:29)
at com.flipkart.LoginPage.customerLogin(LoginPage.java:29)
at com.flipkart.LoginPage.customerLogin(LoginPage.java:29)
at com.flipkart.LoginPage.customerLogin(LoginPage.java:29)
at com.flipkart.LoginPage.customerLogin(LoginPage.java:29)
at com.flipkart.LoginPage.customerLogin(LoginPage.java:29)
at com.flipkart.LoginPage.customerLogin(LoginPage.java:29)
at com.flipkart.LoginPage.customerLogin(LoginPage.java:29)
at com.flipkart.LoginPage.customerLogin(LoginPage.java:29)
at com.flipkart.LoginPage.customerLogin(LoginPage.java:29)
at com.flipkart.LoginPage.customerLogin(LoginPage.java:29)
at com.flipkart.LoginPage.customerLogin(LoginPage.java:29)
at com.flipkart.LoginPage.customerLogin(LoginPage.java:29)
at com.flipkart.LoginPage.customerLogin(LoginPage.java:29)
at com.flipkart.LoginPage.customerLogin(LoginPage.java:29)
at com.flipkart.LoginPage.customerLogin(LoginPage.java:29)
at com.flipkart.LoginPage.customerLogin(LoginPage.java:29)
at com.flipkart.LoginPage.customerLogin(LoginPage.java:29)
at com.flipkart.LoginPage.customerLogin(LoginPage.java:29)
at com.flipkart.LoginPage.customerLogin(LoginPage.java:29)
at com.flipkart.LoginPage.customerLogin(LoginPage.java:29)
at com.flipkart.LoginPage.customerLogin(LoginPage.java:29)
at com.flipkart.LoginPage.customerLogin(LoginPage.java:29)
at com.flipkart.LoginPage.customerLogin(LoginPage.java:29)
at com.flipkart.LoginPage.customerLogin(LoginPage.java:29)
at com.flipkart.LoginPage.customerLogin(LoginPage.java:29)
at com.flipkart.LoginPage.customerLogin(LoginPage.java:29)
at com.flipkart.LoginPage.customerLogin(LoginPage.java:29)
at com.flipkart.LoginPage.customerLogin(LoginPage.java:29)
at com.flipkart.LoginPage.customerLogin(LoginPage.java:29)
at com.flipkart.LoginPage.customerLogin(LoginPage.java:29)
at com.flipkart.LoginPage.customerLogin(LoginPage.java:29)
at com.flipkart.LoginPage.customerLogin(LoginPage.java:29)
at com.flipkart.LoginPage.customerLogin(LoginPage.java:29)
at com.flipkart.LoginPage.customerLogin(LoginPage.java:29)
at com.flipkart.LoginPage.customerLogin(LoginPage.java:29)
at com.flipkart.LoginPage.customerLogin(LoginPage.java:29)
at com.flipkart.LoginPage.customerLogin(LoginPage.java:29)
at com.flipkart.LoginPage.customerLogin(LoginPage.java:29)
at com.flipkart.LoginPage.customerLogin(LoginPage.java:29)
at com.flipkart.LoginPage.customerLogin(LoginPage.java:29)
at com.flipkart.LoginPage.customerLogin(LoginPage.java:29)
at com.flipkart.LoginPage.customerLogin(LoginPage.java:29)
at com.flipkart.LoginPage.customerLogin(LoginPage.java:29)
at com.flipkart.LoginPage.customerLogin(LoginPage.java:29)
at com.flipkart.LoginPage.customerLogin(LoginPage.java:29)
at com.flipkart.LoginPage.customerLogin(LoginPage.java:29)
at com.flipkart.LoginPage.customerLogin(LoginPage.java:29)
at com.flipkart.LoginPage.customerLogin(LoginPage.java:29)
at com.flipkart.LoginPage.customerLogin(LoginPage.java:29)
at com.flipkart.LoginPage.customerLogin(LoginPage.java:29)
at com.flipkart.LoginPage.customerLogin(LoginPage.java:29)
at com.flipkart.LoginPage.customerLogin(LoginPage.java:29)
at com.flipkart.LoginPage.customerLogin(LoginPage.java:29)
at com.flipkart.LoginPage.customerLogin(LoginPage.java:29)
at com.flipkart.LoginPage.customerLogin(LoginPage.java:29)
at com.flipkart.LoginPage.customerLogin(LoginPage.java:29)
at com.flipkart.LoginPage.customerLogin(LoginPage.java:29)
at com.flipkart.LoginPage.customerLogin(LoginPage.java:29)
at com.flipkart.LoginPage.customerLogin(LoginPage.java:29)
at com.flipkart.LoginPage.customerLogin(LoginPage.java:29)
at com.flipkart.LoginPage.customerLogin(LoginPage.java:29)
at com.flipkart.LoginPage.customerLogin(LoginPage.java:29)
at com.flipkart.LoginPage.customerLogin(LoginPage.java:29)
at com.flipkart.LoginPage.customerLogin(LoginPage.java:29)
at com.flipkart.LoginPage.customerLogin(LoginPage.java:29)
at com.flipkart.LoginPage.customerLogin(LoginPage.java:29)
at com.flipkart.LoginPage.customerLogin(LoginPage.java:29)
at com.flipkart.LoginPage.customerLogin(LoginPage.java:29)
at com.flipkart.LoginPage.customerLogin(LoginPage.java:29)
at com.flipkart.LoginPage.customerLogin(LoginPage.java:29)
at com.flipkart.LoginPage.customerLogin(LoginPage.java:29)
at com.flipkart.LoginPage.customerLogin(LoginPage.java:29)
at com.flipkart.LoginPage.customerLogin(LoginPage.java:29)
at com.flipkart.LoginPage.customerLogin(LoginPage.java:29)
at com.flipkart.LoginPage.customerLogin(LoginPage.java:29)
at com.flipkart.LoginPage.customerLogin(LoginPage.java:29)
at com.flipkart.LoginPage.customerLogin(LoginPage.java:29)
at com.flipkart.LoginPage.customerLogin(LoginPage.java:29)
at com.flipkart.LoginPage.customerLogin(LoginPage.java:29)
at com.flipkart.LoginPage.customerLogin(LoginPage.java:29)
at com.flipkart.LoginPage.customerLogin(LoginPage.java:29)
at com.flipkart.LoginPage.customerLogin(LoginPage.java:29)
at com.flipkart.LoginPage.customerLogin(LoginPage.java:29)
at com.flipkart.LoginPage.customerLogin(LoginPage.java:29)
at com.flipkart.LoginPage.customerLogin(LoginPage.java:29)
at com.flipkart.LoginPage.customerLogin(LoginPage.java:29)
at com.flipkart.LoginPage.customerLogin(LoginPage.java:29)
at com.flipkart.LoginPage.customerLogin(LoginPage.java:29)
at com.flipkart.LoginPage.customerLogin(LoginPage.java:29)
at com.flipkart.LoginPage.customerLogin(LoginPage.java:29)
at com.flipkart.LoginPage.customerLogin(LoginPage.java:29)
at com.flipkart.LoginPage.customerLogin(LoginPage.java:29)
at com.flipkart.LoginPage.customerLogin(LoginPage.java:29)
at com.flipkart.LoginPage.customerLogin(LoginPage.java:29)
at com.flipkart.LoginPage.customerLogin(LoginPage.java:29)
at com.flipkart.LoginPage.customerLogin(LoginPage.java:29)
at com.flipkart.LoginPage.customerLogin(LoginPage.java:29)
at com.flipkart.LoginPage.customerLogin(LoginPage.java:29)
at com.flipkart.LoginPage.customerLogin(LoginPage.java:29)
at com.flipkart.LoginPage.customerLogin(LoginPage.java:29)
at com.flipkart.LoginPage.customerLogin(LoginPage.java:29)
at com.flipkart.LoginPage.customerLogin(LoginPage.java:29)
at com.flipkart.LoginPage.customerLogin(LoginPage.java:29)
at com.flipkart.LoginPage.customerLogin(LoginPage.java:29)
at com.flipkart.LoginPage.customerLogin(LoginPage.java:29)
at com.flipkart.LoginPage.customerLogin(LoginPage.java:29)
at com.flipkart.LoginPage.customerLogin(LoginPage.java:29)
at com.flipkart.LoginPage.customerLogin(LoginPage.java:29)
at com.flipkart.LoginPage.customerLogin(LoginPage.java:29)
at com.flipkart.LoginPage.customerLogin(LoginPage.java:29)
at com.flipkart.LoginPage.customerLogin(LoginPage.java:29)
at com.flipkart.LoginPage.customerLogin(LoginPage.java:29)
at com.flipkart.LoginPage.customerLogin(LoginPage.java:29)
at com.flipkart.LoginPage.customerLogin(LoginPage.java:29)
at com.flipkart.LoginPage.customerLogin(LoginPage.java:29)
at com.flipkart.LoginPage.customerLogin(LoginPage.java:29)
at com.flipkart.LoginPage.customerLogin(LoginPage.java:29)
at com.flipkart.LoginPage.customerLogin(LoginPage.java:29)
at com.flipkart.LoginPage.customerLogin(LoginPage.java:29)
at com.flipkart.LoginPage.customerLogin(LoginPage.java:29)
at com.flipkart.LoginPage.customerLogin(LoginPage.java:29)
at com.flipkart.LoginPage.customerLogin(LoginPage.java:29)
at com.flipkart.LoginPage.customerLogin(LoginPage.java:29)
at com.flipkart.LoginPage.customerLogin(LoginPage.java:29)
at com.flipkart.LoginPage.customerLogin(LoginPage.java:29)
at com.flipkart.LoginPage.customerLogin(LoginPage.java:29)
at com.flipkart.LoginPage.customerLogin(LoginPage.java:29)
at com.flipkart.LoginPage.customerLogin(LoginPage.java:29)
at com.flipkart.LoginPage.customerLogin(LoginPage.java:29)
at com.flipkart.LoginPage.customerLogin(LoginPage.java:29)
at com.flipkart.LoginPage.customerLogin(LoginPage.java:29)
at com.flipkart.LoginPage.customerLogin(LoginPage.java:29)
at com.flipkart.LoginPage.customerLogin(LoginPage.java:29)
at com.flipkart.LoginPage.customerLogin(LoginPage.java:29)
at com.flipkart.LoginPage.customerLogin(LoginPage.java:29)
at com.flipkart.LoginPage.customerLogin(LoginPage.java:29)
at com.flipkart.LoginPage.customerLogin(LoginPage.java:29)
at com.flipkart.LoginPage.customerLogin(LoginPage.java:29)
at com.flipkart.LoginPage.customerLogin(LoginPage.java:29)
at com.flipkart.LoginPage.customerLogin(LoginPage.java:29)
at com.flipkart.LoginPage.customerLogin(LoginPage.java:29)
at com.flipkart.LoginPage.customerLogin(LoginPage.java:29)
at com.flipkart.LoginPage.customerLogin(LoginPage.java:29)
at com.flipkart.LoginPage.customerLogin(LoginPage.java:29)
at com.flipkart.LoginPage.customerLogin(LoginPage.java:29)
at com.flipkart.LoginPage.customerLogin(LoginPage.java:29)
at com.flipkart.LoginPage.customerLogin(LoginPage.java:29)
at com.flipkart.LoginPage.customerLogin(LoginPage.java:29)
at com.flipkart.LoginPage.customerLogin(LoginPage.java:29)
at com.flipkart.LoginPage.customerLogin(LoginPage.java:29)
at com.flipkart.LoginPage.customerLogin(LoginPage.java:29)
at com.flipkart.LoginPage.customerLogin(LoginPage.java:29)
at com.flipkart.LoginPage.customerLogin(LoginPage.java:29)
at com.flipkart.LoginPage.customerLogin(LoginPage.java:29)
at com.flipkart.LoginPage.customerLogin(LoginPage.java:29)
at com.flipkart.LoginPage.customerLogin(LoginPage.java:29)
at com.flipkart.LoginPage.customerLogin(LoginPage.java:29)
at com.flipkart.LoginPage.customerLogin(LoginPage.java:29)
at com.flipkart.LoginPage.customerLogin(LoginPage.java:29)
at com.flipkart.LoginPage.customerLogin(LoginPage.java:29)
at com.flipkart.LoginPage.customerLogin(LoginPage.java:29)
at com.flipkart.LoginPage.customerLogin(LoginPage.java:29)
at com.flipkart.LoginPage.customerLogin(LoginPage.java:29)
at com.flipkart.LoginPage.customerLogin(LoginPage.java:29)
at com.flipkart.LoginPage.customerLogin(LoginPage.java:29)
at com.flipkart.LoginPage.customerLogin(LoginPage.java:29)
at com.flipkart.LoginPage.customerLogin(LoginPage.java:29)
at com.flipkart.LoginPage.customerLogin(LoginPage.java:29)
at com.flipkart.LoginPage.customerLogin(LoginPage.java:29)
at com.flipkart.LoginPage.customerLogin(LoginPage.java:29)
at com.flipkart.LoginPage.customerLogin(LoginPage.java:29)
at com.flipkart.LoginPage.customerLogin(LoginPage.java:29)
at com.flipkart.LoginPage.customerLogin(LoginPage.java:29)
at com.flipkart.LoginPage.customerLogin(LoginPage.java:29)
at com.flipkart.LoginPage.customerLogin(LoginPage.java:29)
at com.flipkart.LoginPage.customerLogin(LoginPage.java:29)
at com.flipkart.LoginPage.customerLogin(LoginPage.java:29)
at com.flipkart.LoginPage.customerLogin(LoginPage.java:29)
at com.flipkart.LoginPage.customerLogin(LoginPage.java:29)
at com.flipkart.LoginPage.customerLogin(LoginPage.java:29)
at com.flipkart.LoginPage.customerLogin(LoginPage.java:29)
at com.flipkart.LoginPage.customerLogin(LoginPage.java:29)
at com.flipkart.LoginPage.customerLogin(LoginPage.java:29)
at com.flipkart.LoginPage.customerLogin(LoginPage.java:29)
at com.flipkart.LoginPage.customerLogin(LoginPage.java:29)
at com.flipkart.LoginPage.customerLogin(LoginPage.java:29)
at com.flipkart.LoginPage.customerLogin(LoginPage.java:29)
at com.flipkart.LoginPage.customerLogin(LoginPage.java:29)
at com.flipkart.LoginPage.customerLogin(LoginPage.java:29)
at com.flipkart.LoginPage.customerLogin(LoginPage.java:29)
at com.flipkart.LoginPage.customerLogin(LoginPage.java:29)
at com.flipkart.LoginPage.customerLogin(LoginPage.java:29)
at com.flipkart.LoginPage.customerLogin(LoginPage.java:29)
at com.flipkart.LoginPage.customerLogin(LoginPage.java:29)
at com.flipkart.LoginPage.customerLogin(LoginPage.java:29)
at com.flipkart.LoginPage.customerLogin(LoginPage.java:29)
at com.flipkart.LoginPage.customerLogin(LoginPage.java:29)
at com.flipkart.LoginPage.customerLogin(LoginPage.java:29)
at com.flipkart.LoginPage.customerLogin(LoginPage.java:29)
at com.flipkart.LoginPage.customerLogin(LoginPage.java:29)
at com.flipkart.LoginPage.customerLogin(LoginPage.java:29)
at com.flipkart.LoginPage.customerLogin(LoginPage.java:29)
at com.flipkart.LoginPage.customerLogin(LoginPage.java:29)
at com.flipkart.LoginPage.customerLogin(LoginPage.java:29)
at com.flipkart.LoginPage.customerLogin(LoginPage.java:29)
at com.flipkart.LoginPage.customerLogin(LoginPage.java:29)
at com.flipkart.LoginPage.customerLogin(LoginPage.java:29)
at com.flipkart.LoginPage.customerLogin(LoginPage.java:29)
at com.flipkart.LoginPage.customerLogin(LoginPage.java:29)
at com.flipkart.LoginPage.customerLogin(LoginPage.java:29)
at com.flipkart.LoginPage.customerLogin(LoginPage.java:29)
at com.flipkart.LoginPage.customerLogin(LoginPage.java:29)
at com.flipkart.LoginPage.customerLogin(LoginPage.java:29)
at com.flipkart.LoginPage.customerLogin(LoginPage.java:29)
at com.flipkart.LoginPage.customerLogin(LoginPage.java:29)
at com.flipkart.LoginPage.customerLogin(LoginPage.java:29)
at com.flipkart.LoginPage.customerLogin(LoginPage.java:29)
at com.flipkart.LoginPage.customerLogin(LoginPage.java:29)
at com.flipkart.LoginPage.customerLogin(LoginPage.java:29)
at com.flipkart.LoginPage.customerLogin(LoginPage.java:29)
at com.flipkart.LoginPage.customerLogin(LoginPage.java:29)
at com.flipkart.LoginPage.customerLogin(LoginPage.java:29)
at com.flipkart.LoginPage.customerLogin(LoginPage.java:29)
at com.flipkart.LoginPage.customerLogin(LoginPage.java:29)
at com.flipkart.LoginPage.customerLogin(LoginPage.java:29)
at com.flipkart.LoginPage.customerLogin(LoginPage.java:29)
at com.flipkart.LoginPage.customerLogin(LoginPage.java:29)
at com.flipkart.LoginPage.customerLogin(LoginPage.java:29)
at com.flipkart.LoginPage.customerLogin(LoginPage.java:29)
at com.flipkart.LoginPage.customerLogin(LoginPage.java:29)
at com.flipkart.LoginPage.customerLogin(LoginPage.java:29)
at com.flipkart.LoginPage.customerLogin(LoginPage.java:29)
at com.flipkart.LoginPage.customerLogin(LoginPage.java:29)
at com.flipkart.LoginPage.customerLogin(LoginPage.java:29)
at com.flipkart.LoginPage.customerLogin(LoginPage.java:29)
at com.flipkart.LoginPage.customerLogin(LoginPage.java:29)
at com.flipkart.LoginPage.customerLogin(LoginPage.java:29)
at com.flipkart.LoginPage.customerLogin(LoginPage.java:29)
at com.flipkart.LoginPage.customerLogin(LoginPage.java:29)
at com.flipkart.LoginPage.customerLogin(LoginPage.java:29)
at com.flipkart.LoginPage.customerLogin(LoginPage.java:29)
at com.flipkart.LoginPage.customerLogin(LoginPage.java:29)
at com.flipkart.LoginPage.customerLogin(LoginPage.java:29)
at com.flipkart.LoginPage.customerLogin(LoginPage.java:29)
at com.flipkart.LoginPage.customerLogin(LoginPage.java:29)
at com.flipkart.LoginPage.customerLogin(LoginPage.java:29)
at com.flipkart.LoginPage.customerLogin(LoginPage.java:29)
at com.flipkart.LoginPage.customerLogin(LoginPage.java:29)
at com.flipkart.LoginPage.customerLogin(LoginPage.java:29)
at com.flipkart.LoginPage.customerLogin(LoginPage.java:29)
at com.flipkart.LoginPage.customerLogin(LoginPage.java:29)
at com.flipkart.LoginPage.customerLogin(LoginPage.java:29)
at com.flipkart.LoginPage.customerLogin(LoginPage.java:29)
at com.flipkart.LoginPage.customerLogin(LoginPage.java:29)
at com.flipkart.LoginPage.customerLogin(LoginPage.java:29)
at com.flipkart.LoginPage.customerLogin(LoginPage.java:29)
at com.flipkart.LoginPage.customerLogin(LoginPage.java:29)
at com.flipkart.LoginPage.customerLogin(LoginPage.java:29)
at com.flipkart.LoginPage.customerLogin(LoginPage.java:29)
at com.flipkart.LoginPage.customerLogin(LoginPage.java:29)
at com.flipkart.LoginPage.customerLogin(LoginPage.java:29)
at com.flipkart.LoginPage.customerLogin(LoginPage.java:29)
at com.flipkart.LoginPage.customerLogin(LoginPage.java:29)
at com.flipkart.LoginPage.customerLogin(LoginPage.java:29)
at com.flipkart.LoginPage.customerLogin(LoginPage.java:29)
at com.flipkart.LoginPage.customerLogin(LoginPage.java:29)
at com.flipkart.LoginPage.customerLogin(LoginPage.java:29)
at com.flipkart.LoginPage.customerLogin(LoginPage.java:29)
at com.flipkart.LoginPage.customerLogin(LoginPage.java:29)
at com.flipkart.LoginPage.customerLogin(LoginPage.java:29)
at com.flipkart.LoginPage.customerLogin(LoginPage.java:29)
at com.flipkart.LoginPage.customerLogin(LoginPage.java:29)
at com.flipkart.LoginPage.customerLogin(LoginPage.java:29)
at com.flipkart.LoginPage.customerLogin(LoginPage.java:29)
at com.flipkart.LoginPage.customerLogin(LoginPage.java:29)
at com.flipkart.LoginPage.customerLogin(LoginPage.java:29)
at com.flipkart.LoginPage.customerLogin(LoginPage.java:29)
at com.flipkart.LoginPage.customerLogin(LoginPage.java:29)
at com.flipkart.LoginPage.customerLogin(LoginPage.java:29)
at com.flipkart.LoginPage.customerLogin(LoginPage.java:29)
at com.flipkart.LoginPage.customerLogin(LoginPage.java:29)
at com.flipkart.LoginPage.customerLogin(LoginPage.java:29)
at com.flipkart.LoginPage.customerLogin(LoginPage.java:29)
at com.flipkart.LoginPage.customerLogin(LoginPage.java:29)
at com.flipkart.LoginPage.customerLogin(LoginPage.java:29)
at com.flipkart.LoginPage.customerLogin(LoginPage.java:29)
at com.flipkart.LoginPage.customerLogin(LoginPage.java:29)
at com.flipkart.LoginPage.customerLogin(LoginPage.java:29)
at com.flipkart.LoginPage.customerLogin(LoginPage.java:29)
at com.flipkart.LoginPage.customerLogin(LoginPage.java:29)
at com.flipkart.LoginPage.customerLogin(LoginPage.java:29)
at com.flipkart.LoginPage.customerLogin(LoginPage.java:29)
at com.flipkart.LoginPage.customerLogin(LoginPage.java:29)
at com.flipkart.LoginPage.customerLogin(LoginPage.java:29)
at com.flipkart.LoginPage.customerLogin(LoginPage.java:29)
at com.flipkart.LoginPage.customerLogin(LoginPage.java:29)
at com.flipkart.LoginPage.customerLogin(LoginPage.java:29)
at com.flipkart.LoginPage.customerLogin(LoginPage.java:29)
at com.flipkart.LoginPage.customerLogin(LoginPage.java:29)
at com.flipkart.LoginPage.customerLogin(LoginPage.java:29)
at com.flipkart.LoginPage.customerLogin(LoginPage.java:29)
at com.flipkart.LoginPage.customerLogin(LoginPage.java:29)
at com.flipkart.LoginPage.customerLogin(LoginPage.java:29)
at com.flipkart.LoginPage.customerLogin(LoginPage.java:29)
at com.flipkart.LoginPage.customerLogin(LoginPage.java:29)
at com.flipkart.LoginPage.customerLogin(LoginPage.java:29)
at com.flipkart.LoginPage.customerLogin(LoginPage.java:29)
at com.flipkart.LoginPage.customerLogin(LoginPage.java:29)
at com.flipkart.LoginPage.customerLogin(LoginPage.java:29)
at com.flipkart.LoginPage.customerLogin(LoginPage.java:29)
at com.flipkart.LoginPage.customerLogin(LoginPage.java:29)
at com.flipkart.LoginPage.customerLogin(LoginPage.java:29)
at com.flipkart.LoginPage.customerLogin(LoginPage.java:29)
at com.flipkart.LoginPage.customerLogin(LoginPage.java:29)
at com.flipkart.LoginPage.customerLogin(LoginPage.java:29)
at com.flipkart.LoginPage.customerLogin(LoginPage.java:29)
at com.flipkart.LoginPage.customerLogin(LoginPage.java:29)
at com.flipkart.LoginPage.customerLogin(LoginPage.java:29)
at com.flipkart.LoginPage.customerLogin(LoginPage.java:29)
at com.flipkart.LoginPage.customerLogin(LoginPage.java:29)
at com.flipkart.LoginPage.customerLogin(LoginPage.java:29)
at com.flipkart.LoginPage.customerLogin(LoginPage.java:29)
at com.flipkart.LoginPage.customerLogin(LoginPage.java:29)
at com.flipkart.LoginPage.customerLogin(LoginPage.java:29)
at com.flipkart.LoginPage.customerLogin(LoginPage.java:29)
at com.flipkart.LoginPage.customerLogin(LoginPage.java:29)
at com.flipkart.LoginPage.customerLogin(LoginPage.java:29)
at com.flipkart.LoginPage.customerLogin(LoginPage.java:29)
at com.flipkart.LoginPage.customerLogin(LoginPage.java:29)
at com.flipkart.LoginPage.customerLogin(LoginPage.java:29)
at com.flipkart.LoginPage.customerLogin(LoginPage.java:29)
at com.flipkart.LoginPage.customerLogin(LoginPage.java:29)
at com.flipkart.LoginPage.customerLogin(LoginPage.java:29)
at com.flipkart.LoginPage.customerLogin(LoginPage.java:29)
at com.flipkart.LoginPage.customerLogin(LoginPage.java:29)
at com.flipkart.LoginPage.customerLogin(LoginPage.java:29)
at com.flipkart.LoginPage.customerLogin(LoginPage.java:29)
at com.flipkart.LoginPage.customerLogin(LoginPage.java:29)
at com.flipkart.LoginPage.customerLogin(LoginPage.java:29)
at com.flipkart.LoginPage.customerLogin(LoginPage.java:29)
at com.flipkart.LoginPage.customerLogin(LoginPage.java:29)
at com.flipkart.LoginPage.customerLogin(LoginPage.java:29)
at com.flipkart.LoginPage.customerLogin(LoginPage.java:29)
at com.flipkart.LoginPage.customerLogin(LoginPage.java:29)
at com.flipkart.LoginPage.customerLogin(LoginPage.java:29)
at com.flipkart.LoginPage.customerLogin(LoginPage.java:29)
at com.flipkart.LoginPage.customerLogin(LoginPage.java:29)
at com.flipkart.LoginPage.customerLogin(LoginPage.java:29)
at com.flipkart.LoginPage.customerLogin(LoginPage.java:29)
at com.flipkart.LoginPage.customerLogin(LoginPage.java:29)
at com.flipkart.LoginPage.customerLogin(LoginPage.java:29)
at com.flipkart.LoginPage.customerLogin(LoginPage.java:29)
at com.flipkart.LoginPage.customerLogin(LoginPage.java:29)
at com.flipkart.LoginPage.customerLogin(LoginPage.java:29)
at com.flipkart.LoginPage.customerLogin(LoginPage.java:29)
at com.flipkart.LoginPage.customerLogin(LoginPage.java:29)
at com.flipkart.LoginPage.customerLogin(LoginPage.java:29)
at com.flipkart.LoginPage.customerLogin(LoginPage.java:29)
at com.flipkart.LoginPage.customerLogin(LoginPage.java:29)
at com.flipkart.LoginPage.customerLogin(LoginPage.java:29)
at com.flipkart.LoginPage.customerLogin(LoginPage.java:29)
at com.flipkart.LoginPage.customerLogin(LoginPage.java:29)
at com.flipkart.LoginPage.customerLogin(LoginPage.java:29)
at com.flipkart.LoginPage.customerLogin(LoginPage.java:29)
at com.flipkart.LoginPage.customerLogin(LoginPage.java:29)
at com.flipkart.LoginPage.customerLogin(LoginPage.java:29)
at com.flipkart.LoginPage.customerLogin(LoginPage.java:29)
at com.flipkart.LoginPage.customerLogin(LoginPage.java:29)
at com.flipkart.LoginPage.customerLogin(LoginPage.java:29)
at com.flipkart.LoginPage.customerLogin(LoginPage.java:29)
at com.flipkart.LoginPage.customerLogin(LoginPage.java:29)
at com.flipkart.LoginPage.customerLogin(LoginPage.java:29)
at com.flipkart.LoginPage.customerLogin(LoginPage.java:29)
at com.flipkart.LoginPage.customerLogin(LoginPage.java:29)
at com.flipkart.LoginPage.customerLogin(LoginPage.java:29)
at com.flipkart.LoginPage.customerLogin(LoginPage.java:29)
at com.flipkart.LoginPage.customerLogin(LoginPage.java:29)
at com.flipkart.LoginPage.customerLogin(LoginPage.java:29)
at com.flipkart.LoginPage.customerLogin(LoginPage.java:29)
at com.flipkart.LoginPage.customerLogin(LoginPage.java:29)
at com.flipkart.LoginPage.customerLogin(LoginPage.java:29)
at com.flipkart.LoginPage.customerLogin(LoginPage.java:29)
at com.flipkart.LoginPage.customerLogin(LoginPage.java:29)
at com.flipkart.LoginPage.customerLogin(LoginPage.java:29)
at com.flipkart.LoginPage.customerLogin(LoginPage.java:29)
at com.flipkart.LoginPage.customerLogin(LoginPage.java:29)
at com.flipkart.LoginPage.customerLogin(LoginPage.java:29)
at com.flipkart.LoginPage.customerLogin(LoginPage.java:29)
at com.flipkart.LoginPage.customerLogin(LoginPage.java:29)
at com.flipkart.LoginPage.customerLogin(LoginPage.java:29)
at com.flipkart.LoginPage.customerLogin(LoginPage.java:29)
at com.flipkart.LoginPage.customerLogin(LoginPage.java:29)
at com.flipkart.LoginPage.customerLogin(LoginPage.java:29)
at com.flipkart.LoginPage.customerLogin(LoginPage.java:29)
at com.flipkart.LoginPage.customerLogin(LoginPage.java:29)
at com.flipkart.LoginPage.customerLogin(LoginPage.java:29)
at com.flipkart.LoginPage.customerLogin(LoginPage.java:29)
at com.flipkart.LoginPage.customerLogin(LoginPage.java:29)
at com.flipkart.LoginPage.customerLogin(LoginPage.java:29)
at com.flipkart.LoginPage.customerLogin(LoginPage.java:29)
at com.flipkart.LoginPage.customerLogin(LoginPage.java:29)
at com.flipkart.LoginPage.customerLogin(LoginPage.java:29)
at com.flipkart.LoginPage.customerLogin(LoginPage.java:29)
at com.flipkart.LoginPage.customerLogin(LoginPage.java:29)
at com.flipkart.LoginPage.customerLogin(LoginPage.java:29)
at com.flipkart.LoginPage.customerLogin(LoginPage.java:29)
at com.flipkart.LoginPage.customerLogin(LoginPage.java:29)
at com.flipkart.LoginPage.customerLogin(LoginPage.java:29)
at com.flipkart.LoginPage.customerLogin(LoginPage.java:29)
at com.flipkart.LoginPage.customerLogin(LoginPage.java:29)
at com.flipkart.LoginPage.customerLogin(LoginPage.java:29)
at com.flipkart.LoginPage.customerLogin(LoginPage.java:29)
at com.flipkart.LoginPage.customerLogin(LoginPage.java:29)
at com.flipkart.LoginPage.customerLogin(LoginPage.java:29)
at com.flipkart.LoginPage.customerLogin(LoginPage.java:29)
at com.flipkart.LoginPage.customerLogin(LoginPage.java:29)
at com.flipkart.LoginPage.customerLogin(LoginPage.java:29)
at com.flipkart.LoginPage.customerLogin(LoginPage.java:29)
at com.flipkart.LoginPage.customerLogin(LoginPage.java:29)
at com.flipkart.LoginPage.customerLogin(LoginPage.java:29)
at com.flipkart.LoginPage.customerLogin(LoginPage.java:29)
at com.flipkart.LoginPage.customerLogin(LoginPage.java:29)
at com.flipkart.LoginPage.customerLogin(LoginPage.java:29)
at com.flipkart.LoginPage.customerLogin(LoginPage.java:29)
at com.flipkart.LoginPage.customerLogin(LoginPage.java:29)
at com.flipkart.LoginPage.customerLogin(LoginPage.java:29)
at com.flipkart.LoginPage.customerLogin(LoginPage.java:29)
at com.flipkart.LoginPage.customerLogin(LoginPage.java:29)
at com.flipkart.LoginPage.customerLogin(LoginPage.java:29)
at com.flipkart.LoginPage.customerLogin(LoginPage.java:29)
at com.flipkart.LoginPage.customerLogin(LoginPage.java:29)
at com.flipkart.LoginPage.customerLogin(LoginPage.java:29)
at com.flipkart.LoginPage.customerLogin(LoginPage.java:29)
at com.flipkart.LoginPage.customerLogin(LoginPage.java:29)
at com.flipkart.LoginPage.customerLogin(LoginPage.java:29)
at com.flipkart.LoginPage.customerLogin(LoginPage.java:29)
at com.flipkart.LoginPage.customerLogin(LoginPage.java:29)
at com.flipkart.LoginPage.customerLogin(LoginPage.java:29)
at com.flipkart.LoginPage.customerLogin(LoginPage.java:29)
at com.flipkart.LoginPage.customerLogin(LoginPage.java:29)
at com.flipkart.LoginPage.customerLogin(LoginPage.java:29)
at com.flipkart.LoginPage.customerLogin(LoginPage.java:29)
at com.flipkart.LoginPage.customerLogin(LoginPage.java:29)
at com.flipkart.LoginPage.customerLogin(LoginPage.java:29)
at com.flipkart.LoginPage.customerLogin(LoginPage.java:29)
at com.flipkart.LoginPage.customerLogin(LoginPage.java:29)
at com.flipkart.LoginPage.customerLogin(LoginPage.java:29)
at com.flipkart.LoginPage.customerLogin(LoginPage.java:29)
at com.flipkart.LoginPage.customerLogin(LoginPage.java:29)
at com.flipkart.LoginPage.customerLogin(LoginPage.java:29)
at com.flipkart.LoginPage.customerLogin(LoginPage.java:29)
at com.flipkart.LoginPage.customerLogin(LoginPage.java:29)
at com.flipkart.LoginPage.customerLogin(LoginPage.java:29)
at com.flipkart.LoginPage.customerLogin(LoginPage.java:29)
at com.flipkart.LoginPage.customerLogin(LoginPage.java:29)
at com.flipkart.LoginPage.customerLogin(LoginPage.java:29)
at com.flipkart.LoginPage.customerLogin(LoginPage.java:29)
at com.flipkart.LoginPage.customerLogin(LoginPage.java:29)
at com.flipkart.LoginPage.customerLogin(LoginPage.java:29)
at com.flipkart.LoginPage.customerLogin(LoginPage.java:29)
at com.flipkart.LoginPage.customerLogin(LoginPage.java:29)
at com.flipkart.LoginPage.customerLogin(LoginPage.java:29)
at com.flipkart.LoginPage.customerLogin(LoginPage.java:29)
at com.flipkart.LoginPage.customerLogin(LoginPage.java:29)
at com.flipkart.LoginPage.customerLogin(LoginPage.java:29)
at com.flipkart.LoginPage.customerLogin(LoginPage.java:29)
at com.flipkart.LoginPage.customerLogin(LoginPage.java:29)
at com.flipkart.LoginPage.customerLogin(LoginPage.java:29)
at com.flipkart.LoginPage.customerLogin(LoginPage.java:29)
at com.flipkart.LoginPage.customerLogin(LoginPage.java:29)
at com.flipkart.LoginPage.customerLogin(LoginPage.java:29)
at com.flipkart.LoginPage.customerLogin(LoginPage.java:29)
at com.flipkart.LoginPage.customerLogin(LoginPage.java:29)
at com.flipkart.LoginPage.customerLogin(LoginPage.java:29)
at com.flipkart.LoginPage.customerLogin(LoginPage.java:29)
at com.flipkart.LoginPage.customerLogin(LoginPage.java:29)
at com.flipkart.LoginPage.customerLogin(LoginPage.java:29)
at com.flipkart.LoginPage.customerLogin(LoginPage.java:29)
at com.flipkart.LoginPage.customerLogin(LoginPage.java:29)
at com.flipkart.LoginPage.customerLogin(LoginPage.java:29)
at com.flipkart.LoginPage.customerLogin(LoginPage.java:29)
at com.flipkart.LoginPage.customerLogin(LoginPage.java:29)
at com.flipkart.LoginPage.customerLogin(LoginPage.java:29)
at com.flipkart.LoginPage.customerLogin(LoginPage.java:29)
at com.flipkart.LoginPage.customerLogin(LoginPage.java:29)
at com.flipkart.LoginPage.customerLogin(LoginPage.java:29)
at com.flipkart.LoginPage.customerLogin(LoginPage.java:29)
at com.flipkart.LoginPage.customerLogin(LoginPage.java:29)
at com.flipkart.LoginPage.customerLogin(LoginPage.java:29)
at com.flipkart.LoginPage.customerLogin(LoginPage.java:29)
at com.flipkart.LoginPage.customerLogin(LoginPage.java:29)
at com.flipkart.LoginPage.customerLogin(LoginPage.java:29)
at com.flipkart.LoginPage.customerLogin(LoginPage.java:29)
at com.flipkart.LoginPage.customerLogin(LoginPage.java:29)
at com.flipkart.LoginPage.customerLogin(LoginPage.java:29)
at com.flipkart.LoginPage.customerLogin(LoginPage.java:29)
at com.flipkart.LoginPage.customerLogin(LoginPage.java:29)
at com.flipkart.LoginPage.customerLogin(LoginPage.java:29)
at com.flipkart.LoginPage.customerLogin(LoginPage.java:29)
at com.flipkart.LoginPage.customerLogin(LoginPage.java:29)
at com.flipkart.LoginPage.customerLogin(LoginPage.java:29)
at com.flipkart.LoginPage.customerLogin(LoginPage.java:29)
at com.flipkart.LoginPage.customerLogin(LoginPage.java:29)
at com.flipkart.LoginPage.customerLogin(LoginPage.java:29)
at com.flipkart.LoginPage.customerLogin(LoginPage.java:29)
at com.flipkart.LoginPage.customerLogin(LoginPage.java:29)
at com.flipkart.LoginPage.customerLogin(LoginPage.java:29)
at com.flipkart.LoginPage.customerLogin(LoginPage.java:29)
at com.flipkart.LoginPage.customerLogin(LoginPage.java:29)
at com.flipkart.LoginPage.customerLogin(LoginPage.java:29)
at com.flipkart.LoginPage.customerLogin(LoginPage.java:29)
at com.flipkart.LoginPage.customerLogin(LoginPage.java:29)
at com.flipkart.LoginPage.customerLogin(LoginPage.java:29)
at com.flipkart.LoginPage.customerLogin(LoginPage.java:29)
at com.flipkart.LoginPage.customerLogin(LoginPage.java:29)
at com.flipkart.LoginPage.customerLogin(LoginPage.java:29)
at com.flipkart.LoginPage.customerLogin(LoginPage.java:29)
at com.flipkart.LoginPage.customerLogin(LoginPage.java:29)
at com.flipkart.LoginPage.customerLogin(LoginPage.java:29)
at com.flipkart.LoginPage.customerLogin(LoginPage.java:29)
at com.flipkart.LoginPage.customerLogin(LoginPage.java:29)
at com.flipkart.LoginPage.customerLogin(LoginPage.java:29)
at com.flipkart.LoginPage.customerLogin(LoginPage.java:29)
at com.flipkart.LoginPage.customerLogin(LoginPage.java:29)
at com.flipkart.LoginPage.customerLogin(LoginPage.java:29)
at com.flipkart.LoginPage.customerLogin(LoginPage.java:29)
at com.flipkart.LoginPage.customerLogin(LoginPage.java:29)
at com.flipkart.LoginPage.customerLogin(LoginPage.java:29)
]]>
    </error>
  </testcase> <!-- customerLogin -->
</testsuite> <!-- com.flipkart.LoginPage -->
