<?xml version="1.0" encoding="UTF-8"?>
<!-- Generated by org.testng.reporters.JUnitReportReporter -->
<testsuite skipped="0" hostname="DESKTOP-68H7SGN" name="com.flipkart.admin.testscript.RegistrationPageTC" tests="1" failures="0" timestamp="18 Sep 2018 13:46:30 GMT" time="8.094" errors="0">
  <testcase name="testRegistrationPage" time="8.094" classname="com.flipkart.admin.testscript.RegistrationPageTC"/>
</testsuite> <!-- com.flipkart.admin.testscript.RegistrationPageTC -->
